-------------------------------------------------------------------------------
Test set: concurrent.lock.RedissonLockTest
-------------------------------------------------------------------------------
Tests run: 2, Failures: 0, Errors: 2, Skipped: 0, Time elapsed: 8.51 sec <<< FAILURE!
testSanity(concurrent.lock.RedissonLockTest)  Time elapsed: 7.474 sec  <<< ERROR!
com.lambdaworks.redis.RedisException: Unable to connect
	at com.lambdaworks.redis.RedisClient.connect(RedisClient.java:188)
	at com.lambdaworks.redis.RedisClient.connectPubSub(RedisClient.java:165)
	at org.redisson.connection.ConnectionManager.subscribe(ConnectionManager.java:136)
	at org.redisson.RedissonLock.subscribe(RedissonLock.java:146)
	at org.redisson.Redisson.getLock(Redisson.java:154)
	at concurrent.lock.RedissonLockTest.testSanity(RedissonLockTest.java:13)
Caused by: java.net.ConnectException: Connection refused: no further information: /127.0.0.1:6379
	at sun.nio.ch.SocketChannelImpl.checkConnect(Native Method)
	at sun.nio.ch.SocketChannelImpl.finishConnect(SocketChannelImpl.java:692)
	at io.netty.channel.socket.nio.NioSocketChannel.doFinishConnect(NioSocketChannel.java:191)
	at io.netty.channel.nio.AbstractNioChannel$AbstractNioUnsafe.finishConnect(AbstractNioChannel.java:241)
	at io.netty.channel.nio.NioEventLoop.processSelectedKey(NioEventLoop.java:502)
	at io.netty.channel.nio.NioEventLoop.processSelectedKeysOptimized(NioEventLoop.java:452)
	at io.netty.channel.nio.NioEventLoop.run(NioEventLoop.java:346)
	at io.netty.util.concurrent.SingleThreadEventExecutor$2.run(SingleThreadEventExecutor.java:101)
	at java.lang.Thread.run(Thread.java:722)
testUnlock(concurrent.lock.RedissonLockTest)  Time elapsed: 1.035 sec  <<< ERROR!
com.lambdaworks.redis.RedisException: Unable to connect
	at com.lambdaworks.redis.RedisClient.connect(RedisClient.java:188)
	at com.lambdaworks.redis.RedisClient.connectPubSub(RedisClient.java:165)
	at org.redisson.connection.ConnectionManager.subscribe(ConnectionManager.java:136)
	at org.redisson.RedissonLock.subscribe(RedissonLock.java:146)
	at org.redisson.Redisson.getLock(Redisson.java:154)
	at concurrent.lock.RedissonLockTest.testUnlock(RedissonLockTest.java:21)
Caused by: java.net.ConnectException: Connection refused: no further information: /127.0.0.1:6379
	at sun.nio.ch.SocketChannelImpl.checkConnect(Native Method)
	at sun.nio.ch.SocketChannelImpl.finishConnect(SocketChannelImpl.java:692)
	at io.netty.channel.socket.nio.NioSocketChannel.doFinishConnect(NioSocketChannel.java:191)
	at io.netty.channel.nio.AbstractNioChannel$AbstractNioUnsafe.finishConnect(AbstractNioChannel.java:241)
	at io.netty.channel.nio.NioEventLoop.processSelectedKey(NioEventLoop.java:502)
	at io.netty.channel.nio.NioEventLoop.processSelectedKeysOptimized(NioEventLoop.java:452)
	at io.netty.channel.nio.NioEventLoop.run(NioEventLoop.java:346)
	at io.netty.util.concurrent.SingleThreadEventExecutor$2.run(SingleThreadEventExecutor.java:101)
	at java.lang.Thread.run(Thread.java:722)
